[debug] [2021-04-10T14:01:25.431Z] ----------------------------------------------------------------------
[debug] [2021-04-10T14:01:25.432Z] Command:       C:\Program Files\nodejs\node.exe C:\Users\j\AppData\Roaming\npm\node_modules\firebase-tools\lib\bin\firebase.js init
[debug] [2021-04-10T14:01:25.433Z] CLI Version:   9.6.1
[debug] [2021-04-10T14:01:25.433Z] Platform:      win32
[debug] [2021-04-10T14:01:25.433Z] Node Version:  v15.11.0
[debug] [2021-04-10T14:01:25.434Z] Time:          Sat Apr 10 2021 10:01:25 GMT-0400 (hora estándar de Chile)
[debug] [2021-04-10T14:01:25.434Z] ----------------------------------------------------------------------
[debug] [2021-04-10T14:01:25.434Z] 
[debug] [2021-04-10T14:01:25.439Z] > command requires scopes: ["email","openid","https://www.googleapis.com/auth/cloudplatformprojects.readonly","https://www.googleapis.com/auth/firebase","https://www.googleapis.com/auth/cloud-platform"]
[debug] [2021-04-10T14:01:25.439Z] > authorizing via signed-in user
[info] 
     ######## #### ########  ######## ########     ###     ######  ########
     ##        ##  ##     ## ##       ##     ##  ##   ##  ##       ##
     ######    ##  ########  ######   ########  #########  ######  ######
     ##        ##  ##    ##  ##       ##     ## ##     ##       ## ##
     ##       #### ##     ## ######## ########  ##     ##  ######  ########

You're about to initialize a Firebase project in this directory:

  c:\Proyectos\Personal\BR\front\bancoFE

Before we get started, keep in mind:

  * You are currently outside your home directory

